<?xml version="1.0" encoding="UTF-8"?>
<!-- Generated by org.testng.reporters.JUnitXMLReporter -->
<testsuite ignored="0" hostname="DESKTOP-CO6VC8L" failures="0" tests="3" name="Default test" time="97.657" errors="0" timestamp="29 Jul 2022 04:20:16 GMT">
  <testcase classname="testcase.login" name="loginCase" time="7.474"/>
  <testcase classname="testcase.login" name="createProject" time="24.522"/>
  <testcase classname="testcase.login" name="sectiondrawing" time="54.198"/>
</testsuite> <!-- Default test -->
