<?xml version="1.0" encoding="UTF-8"?>
<testng-results ignored="0" total="2" passed="2" failed="0" skipped="0">
  <reporter-output>
  </reporter-output>
  <suite started-at="2022-06-30T05:11:25Z" name="Default suite" finished-at="2022-06-30T05:13:43Z" duration-ms="138173">
    <groups>
    </groups>
    <test started-at="2022-06-30T05:11:25Z" name="Default test" finished-at="2022-06-30T05:13:43Z" duration-ms="138173">
      <class name="Testcase.login">
        <test-method is-config="true" signature="lauchBrowser()[pri:0, instance:Testcase.login@17f62e33]" started-at="2022-06-30T05:11:25Z" name="lauchBrowser" finished-at="2022-06-30T05:11:58Z" duration-ms="33158" status="PASS">
          <reporter-output>
          </reporter-output>
        </test-method> <!-- lauchBrowser -->
        <test-method signature="loginCase()[pri:1, instance:Testcase.login@17f62e33]" started-at="2022-06-30T05:11:58Z" name="loginCase" finished-at="2022-06-30T05:12:06Z" duration-ms="7276" status="PASS">
          <reporter-output>
          </reporter-output>
        </test-method> <!-- loginCase -->
        <test-method signature="createProject()[pri:2, instance:Testcase.login@17f62e33]" started-at="2022-06-30T05:12:06Z" name="createProject" finished-at="2022-06-30T05:13:43Z" duration-ms="97723" status="PASS">
          <reporter-output>
          </reporter-output>
        </test-method> <!-- createProject -->
      </class> <!-- Testcase.login -->
    </test> <!-- Default test -->
  </suite> <!-- Default suite -->
</testng-results>
